Error saving cronjob log message: no such table: django_cron_cronjoblog
cron_notify executed..
 2020-07-09 08:58:02.446361: Hello from cron
 2020-07-09 08:58:02.446968: Bye from cron
cron_notify executed..
 2020-07-09 09:04:02.091953: Hello from cron
 2020-07-09 09:04:02.092746: Bye from cron
cron_notify executed..
 2020-07-09 09:10:01.965626: Hello from cron
 2020-07-09 09:10:01.966425: Bye from cron
cron_notify executed..
 2020-07-09 09:16:02.045479: Hello from cron
 2020-07-09 09:16:02.046432: Bye from cron
cron_notify executed..
 2020-07-09 09:22:02.232638: Hello from cron
 2020-07-09 09:22:02.233846: Bye from cron
cron_notify executed..
 2020-07-09 09:28:02.073328: Hello from cron
 2020-07-09 09:28:02.074445: Bye from cron
cron_notify executed..
 2020-07-09 09:34:02.232573: Hello from cron
 2020-07-09 09:34:02.233454: Bye from cron
cron_notify executed..
 2020-07-09 09:40:03.055362: Hello from cron
 2020-07-09 09:40:03.056753: Bye from cron
cron_notify executed..
 2020-07-09 09:46:02.490062: Hello from cron
 2020-07-09 09:46:02.491307: Bye from cron
cron_notify executed..
 2020-07-09 09:52:01.646291: Hello from cron
 2020-07-09 09:52:01.647427: Bye from cron
cron_notify executed..
 2020-07-09 09:58:01.798010: Hello from cron
 2020-07-09 09:58:01.798985: Bye from cron
cron_notify executed..
 2020-07-09 10:04:02.020179: Hello from cron
 2020-07-09 10:04:02.021304: Bye from cron
cron_notify executed..
 2020-07-13 02:07:02.520132: Hello from cron
sending mail to {'first_name': 'val', 'last_name': '', 'id': 1, 'rem_period': 3}, addr pehks@inbox.ru
 2020-07-13 02:07:05.838196: Bye from cron
cron_notify executed..
 2020-07-13 02:12:02.358785: Hello from cron
cron_notify executed..
 2020-07-13 02:13:01.992065: Hello from cron
cron_notify executed..
 2020-07-13 02:14:01.652046: Hello from cron
